{
  "RSpec": {
    "coverage": {
      "/home/igor/projects/hubtec/spec/controllers/pages_controller_spec.rb": [
        null,
        null,
        1,
        null,
        1,
        1,
        1,
        1,
        1,
        null,
        null,
        null
      ],
      "/home/igor/projects/hubtec/spec/rails_helper.rb": [
        null,
        null,
        null,
        1,
        null,
        null,
        1,
        1,
        null,
        1,
        1,
        4,
        null,
        null,
        null,
        null,
        null,
        null,
        null,
        null,
        null,
        null,
        null,
        null,
        null,
        null,
        null,
        null,
        null,
        null,
        null,
        null,
        1,
        1,
        null,
        0,
        0,
        null,
        1,
        null,
        1,
        null,
        null,
        null,
        null,
        1,
        null,
        null,
        null,
        null,
        null,
        null,
        null,
        null,
        null,
        null,
        null,
        null,
        null,
        1,
        null,
        null,
        1,
        null,
        null,
        null
      ],
      "/home/igor/projects/hubtec/config/environment.rb": [
        null,
        null,
        null,
        1,
        null,
        null,
        1
      ],
      "/home/igor/projects/hubtec/config/application.rb": [
        null,
        null,
        1,
        null,
        1,
        null,
        1,
        1,
        1,
        1,
        1,
        1,
        1,
        1,
        1,
        null,
        null,
        null,
        null,
        1,
        null,
        1,
        1,
        null,
        1,
        1,
        null,
        null,
        null,
        null,
        null,
        null,
        1,
        null,
        null
      ],
      "/home/igor/projects/hubtec/config/boot.rb": [
        null,
        null,
        1,
        null,
        1,
        1
      ],
      "/home/igor/projects/hubtec/config/environments/test.rb": [
        null,
        null,
        1,
        null,
        null,
        null,
        null,
        null,
        null,
        1,
        null,
        null,
        null,
        null,
        1,
        null,
        null,
        1,
        1,
        null,
        null,
        null,
        null,
        1,
        1,
        null,
        null,
        1,
        null,
        null,
        1,
        null,
        null,
        1,
        null,
        1,
        null,
        null,
        null,
        null,
        1,
        null,
        null,
        1,
        null,
        null,
        null,
        null
      ],
      "/home/igor/projects/hubtec/config/initializers/application_controller_renderer.rb": [
        null,
        null,
        null,
        null,
        null,
        null,
        null,
        null,
        null,
        null
      ],
      "/home/igor/projects/hubtec/config/initializers/assets.rb": [
        null,
        null,
        null,
        null,
        null,
        1,
        null,
        null,
        null,
        null,
        1,
        null,
        null,
        null,
        null,
        null
      ],
      "/home/igor/projects/hubtec/config/initializers/backtrace_silencers.rb": [
        null,
        null,
        null,
        null,
        null,
        null,
        null,
        null,
        null
      ],
      "/home/igor/projects/hubtec/config/initializers/content_security_policy.rb": [
        null,
        null,
        null,
        null,
        null,
        null,
        null,
        null,
        null,
        null,
        null,
        null,
        null,
        null,
        null,
        null,
        null,
        null,
        null,
        null,
        null,
        null,
        null,
        null,
        null,
        null,
        null
      ],
      "/home/igor/projects/hubtec/config/initializers/cookies_serializer.rb": [
        null,
        null,
        null,
        null,
        null,
        null,
        1
      ],
      "/home/igor/projects/hubtec/config/initializers/devise.rb": [
        null,
        null,
        null,
        null,
        1,
        null,
        null,
        null,
        null,
        null,
        null,
        null,
        null,
        null,
        null,
        null,
        null,
        null,
        null,
        null,
        1,
        null,
        null,
        null,
        null,
        null,
        null,
        null,
        null,
        null,
        null,
        null,
        1,
        null,
        null,
        null,
        null,
        null,
        null,
        null,
        null,
        null,
        null,
        null,
        null,
        null,
        null,
        null,
        null,
        null,
        null,
        null,
        null,
        null,
        1,
        null,
        null,
        null,
        null,
        1,
        null,
        null,
        null,
        null,
        null,
        null,
        null,
        null,
        null,
        null,
        null,
        null,
        null,
        null,
        null,
        null,
        null,
        null,
        null,
        null,
        null,
        null,
        null,
        null,
        null,
        null,
        null,
        null,
        null,
        null,
        1,
        null,
        null,
        null,
        null,
        null,
        null,
        null,
        null,
        null,
        null,
        null,
        null,
        null,
        null,
        null,
        null,
        null,
        null,
        null,
        null,
        null,
        null,
        1,
        null,
        null,
        null,
        null,
        null,
        null,
        null,
        null,
        null,
        null,
        null,
        null,
        null,
        null,
        null,
        null,
        null,
        null,
        null,
        null,
        null,
        null,
        null,
        null,
        null,
        null,
        null,
        null,
        null,
        null,
        null,
        null,
        null,
        1,
        null,
        null,
        null,
        null,
        null,
        null,
        null,
        null,
        null,
        1,
        null,
        null,
        null,
        null,
        null,
        null,
        null,
        null,
        null,
        null,
        1,
        null,
        null,
        null,
        null,
        1,
        null,
        null,
        null,
        null,
        null,
        null,
        null,
        null,
        null,
        null,
        null,
        null,
        null,
        null,
        null,
        null,
        null,
        null,
        null,
        null,
        null,
        null,
        null,
        null,
        null,
        null,
        null,
        null,
        null,
        null,
        null,
        null,
        null,
        null,
        null,
        null,
        null,
        null,
        null,
        null,
        1,
        null,
        null,
        null,
        null,
        null,
        null,
        null,
        null,
        null,
        null,
        null,
        null,
        null,
        null,
        null,
        null,
        null,
        null,
        null,
        null,
        null,
        null,
        null,
        null,
        null,
        null,
        null,
        null,
        null,
        null,
        null,
        null,
        null,
        null,
        null,
        null,
        null,
        null,
        null,
        null,
        null,
        1,
        null,
        null,
        null,
        null,
        null,
        null,
        null,
        null,
        null,
        null,
        null,
        null,
        null,
        null,
        null,
        null,
        null,
        null,
        null,
        null,
        null,
        null,
        null,
        null,
        null,
        null,
        null,
        null,
        null,
        null,
        null,
        null,
        null,
        null,
        null,
        null,
        null,
        null,
        null,
        null,
        null,
        null
      ],
      "/home/igor/projects/hubtec/config/initializers/filter_parameter_logging.rb": [
        null,
        null,
        null,
        null,
        null,
        1
      ],
      "/home/igor/projects/hubtec/config/initializers/inflections.rb": [
        null,
        null,
        null,
        null,
        null,
        null,
        null,
        null,
        null,
        null,
        null,
        null,
        null,
        null,
        null,
        null,
        null,
        null
      ],
      "/home/igor/projects/hubtec/config/initializers/mime_types.rb": [
        null,
        null,
        null,
        null,
        null,
        null
      ],
      "/home/igor/projects/hubtec/config/initializers/wrap_parameters.rb": [
        null,
        null,
        null,
        null,
        null,
        null,
        null,
        null,
        1,
        2,
        null,
        null,
        null,
        null,
        null,
        null
      ],
      "/home/igor/projects/hubtec/spec/factories/task.rb": [
        null,
        1,
        null,
        1,
        1,
        14,
        14,
        14,
        14,
        1,
        null,
        null
      ],
      "/home/igor/projects/hubtec/spec/factories/user.rb": [
        null,
        1,
        null,
        1,
        1,
        25,
        25,
        25,
        null,
        null
      ],
      "/home/igor/projects/hubtec/config/routes.rb": [
        null,
        null,
        1,
        1,
        1,
        1,
        null,
        1,
        null,
        null,
        null,
        null,
        null,
        null,
        1,
        null
      ],
      "/home/igor/projects/hubtec/app/models/user.rb": [
        null,
        null,
        null,
        null,
        null,
        null,
        null,
        null,
        null,
        null,
        null,
        null,
        null,
        null,
        null,
        null,
        null,
        1,
        null,
        null,
        1,
        null,
        null
      ],
      "/home/igor/projects/hubtec/app/models/application_record.rb": [
        null,
        null,
        1,
        1,
        null
      ],
      "/home/igor/projects/hubtec/app/helpers/application_helper.rb": [
        null,
        null,
        1,
        null
      ],
      "/home/igor/projects/hubtec/app/helpers/pages_helper.rb": [
        1,
        null
      ],
      "/home/igor/projects/hubtec/app/helpers/tasks_helper.rb": [
        null,
        null,
        1,
        null
      ],
      "/home/igor/projects/hubtec/spec/support/factory_bot.rb": [
        null,
        null,
        1,
        null,
        1,
        1,
        null
      ],
      "/home/igor/projects/hubtec/spec/support/devise.rb": [
        null,
        null,
        1,
        1,
        1,
        1,
        null
      ],
      "/home/igor/projects/hubtec/spec/support/database_cleaner.rb": [
        null,
        null,
        null,
        null,
        1,
        1,
        1,
        null,
        null,
        1,
        31,
        null,
        null,
        1,
        0,
        null,
        null,
        1,
        31,
        null,
        null,
        1,
        31,
        null,
        null
      ],
      "/home/igor/projects/hubtec/app/controllers/pages_controller.rb": [
        null,
        null,
        1,
        1,
        null,
        null
      ],
      "/home/igor/projects/hubtec/app/controllers/application_controller.rb": [
        null,
        null,
        1,
        1,
        0,
        0,
        null,
        null,
        null
      ],
      "/home/igor/projects/hubtec/spec/controllers/tasks_controller_spec.rb": [
        null,
        null,
        1,
        null,
        1,
        1,
        8,
        8,
        null,
        null,
        1,
        1,
        1,
        1,
        1,
        null,
        null,
        null,
        1,
        1,
        1,
        1,
        1,
        null,
        null,
        null,
        1,
        1,
        1,
        1,
        null,
        null,
        null,
        1,
        1,
        1,
        1,
        1,
        null,
        null,
        null,
        1,
        1,
        1,
        null,
        1,
        1,
        1,
        null,
        null,
        null,
        null,
        1,
        1,
        1,
        1,
        1,
        1,
        null,
        null,
        null,
        null,
        1,
        1,
        1,
        null,
        1,
        1,
        null,
        null,
        1,
        1,
        1,
        1,
        null,
        null,
        null
      ],
      "/home/igor/projects/hubtec/app/controllers/tasks_controller.rb": [
        null,
        null,
        1,
        1,
        1,
        null,
        null,
        null,
        1,
        1,
        null,
        null,
        null,
        null,
        null,
        null,
        1,
        1,
        null,
        null,
        null,
        1,
        1,
        null,
        null,
        null,
        1,
        1,
        null,
        null,
        null,
        null,
        1,
        1,
        null,
        1,
        1,
        2,
        1,
        null,
        0,
        0,
        null,
        null,
        null,
        null,
        null,
        null,
        1,
        1,
        1,
        1,
        2,
        1,
        null,
        0,
        0,
        null,
        null,
        null,
        null,
        null,
        null,
        1,
        2,
        2,
        2,
        2,
        4,
        2,
        null,
        null,
        null,
        1,
        0,
        0,
        0,
        0,
        0,
        0,
        null,
        0,
        null,
        null,
        null,
        null,
        1,
        null,
        null,
        1,
        5,
        null,
        null,
        null,
        1,
        2,
        null,
        null
      ],
      "/home/igor/projects/hubtec/spec/features/user_signs_in_spec.rb": [
        null,
        null,
        1,
        null,
        1,
        1,
        2,
        null,
        null,
        1,
        1,
        1,
        1,
        1,
        1,
        1,
        null,
        null,
        1,
        1,
        null,
        1,
        1,
        1,
        null,
        1,
        null,
        null
      ],
      "/home/igor/projects/hubtec/spec/features/user_signs_out_spec.rb": [
        null,
        null,
        1,
        null,
        1,
        1,
        1,
        null,
        1,
        1,
        null,
        1,
        null,
        1,
        null,
        1,
        1,
        null,
        null
      ],
      "/home/igor/projects/hubtec/spec/features/user_signs_up_spec.rb": [
        null,
        null,
        1,
        null,
        1,
        1,
        2,
        null,
        1,
        1,
        null,
        1,
        1,
        1,
        1,
        null,
        1,
        1,
        null,
        null,
        1,
        1,
        null,
        1,
        null,
        1,
        null,
        null
      ],
      "/home/igor/projects/hubtec/spec/helpers/pages_helper_spec.rb": [
        null,
        null,
        1,
        null,
        null,
        null,
        null,
        null,
        null,
        null,
        null,
        null,
        null,
        null,
        1,
        null
      ],
      "/home/igor/projects/hubtec/spec/helpers/tasks_helper_spec.rb": [
        null,
        null,
        1,
        null,
        null,
        null,
        null,
        null,
        null,
        null,
        null,
        null,
        null,
        null,
        1,
        null
      ],
      "/home/igor/projects/hubtec/spec/models/task_spec.rb": [
        null,
        null,
        null,
        null,
        null,
        null,
        null,
        null,
        null,
        null,
        null,
        null,
        null,
        null,
        null,
        null,
        1,
        null,
        1,
        1,
        1,
        2,
        null,
        null,
        5,
        5,
        null,
        null
      ],
      "/home/igor/projects/hubtec/app/models/task.rb": [
        null,
        null,
        null,
        null,
        null,
        null,
        null,
        null,
        null,
        null,
        null,
        null,
        null,
        null,
        null,
        null,
        null,
        null,
        1,
        1,
        1,
        1,
        null,
        1,
        1,
        null
      ],
      "/home/igor/projects/hubtec/spec/models/user_spec.rb": [
        null,
        null,
        null,
        null,
        null,
        null,
        null,
        null,
        null,
        null,
        null,
        null,
        null,
        null,
        null,
        1,
        null,
        1,
        1,
        1,
        3,
        null,
        null,
        5,
        5,
        5,
        null,
        null
      ],
      "/home/igor/projects/hubtec/spec/routing/tasks_routing_spec.rb": [
        null,
        null,
        1,
        null,
        1,
        1,
        1,
        1,
        null,
        null,
        1,
        1,
        null,
        null,
        1,
        1,
        null,
        null,
        1,
        1,
        null,
        null,
        1,
        1,
        null,
        null,
        1,
        1,
        null,
        null,
        1,
        1,
        null,
        null,
        1,
        1,
        null,
        null,
        null
      ],
      "/home/igor/projects/hubtec/spec/views/pages/index.html.erb_spec.rb": [
        null,
        null,
        1,
        null,
        1,
        null
      ],
      "/home/igor/projects/hubtec/spec/views/tasks/edit.html.erb_spec.rb": [
        null,
        null,
        1,
        null,
        1,
        1,
        1,
        1,
        1,
        null,
        null,
        1,
        1,
        null,
        1,
        1,
        null,
        1,
        null,
        null,
        null
      ],
      "/home/igor/projects/hubtec/spec/views/tasks/index.html.erb_spec.rb": [
        null,
        null,
        1,
        null,
        1,
        1,
        1,
        null,
        null,
        1,
        1,
        1,
        1,
        null,
        null
      ],
      "/home/igor/projects/hubtec/spec/views/tasks/new.html.erb_spec.rb": [
        null,
        null,
        1,
        null,
        1,
        1,
        1,
        1,
        1,
        null,
        null,
        1,
        1,
        null,
        1,
        1,
        null,
        1,
        null,
        null,
        null
      ],
      "/home/igor/projects/hubtec/spec/views/tasks/show.html.erb_spec.rb": [
        null,
        null,
        1,
        null,
        1,
        1,
        1,
        1,
        1,
        null,
        null,
        null,
        null,
        null,
        null,
        1,
        1,
        1,
        1,
        null,
        null
      ],
      "/home/igor/projects/hubtec/app/models/ability.rb": [
        null,
        null,
        1,
        1,
        null,
        1,
        5,
        null,
        null
      ],
      "/home/igor/projects/hubtec/app/controllers/users/sessions_controller.rb": [
        null,
        null,
        1,
        null,
        1,
        null,
        null,
        null,
        null,
        null,
        null,
        null,
        null,
        null,
        null,
        null,
        null,
        null,
        null,
        null,
        null,
        null,
        null,
        null,
        null,
        null,
        null
      ],
      "/home/igor/projects/hubtec/app/controllers/users/registrations_controller.rb": [
        null,
        null,
        1,
        null,
        null,
        null,
        null,
        null,
        null,
        null,
        null,
        null,
        null,
        null,
        null,
        null,
        null,
        null,
        null,
        null,
        null,
        null,
        null,
        null,
        null,
        null,
        null,
        null,
        null,
        null,
        null,
        null,
        null,
        null,
        null,
        null,
        null,
        null,
        null,
        null,
        null,
        null,
        null,
        null,
        null,
        null,
        null,
        null,
        null,
        null,
        null,
        null,
        null,
        null,
        null,
        null,
        null,
        null,
        null,
        null,
        null,
        null
      ]
    },
    "timestamp": 1561146396
  }
}
